<?xml version="1.0" encoding="UTF-8"?>
<!-- Generated by org.testng.reporters.JUnitXMLReporter -->
<testsuite ignored="0" hostname="DESKTOP-5G58M86" failures="0" tests="7" name="chromeTest" time="54.538" errors="0" timestamp="2023-12-26T01:03:49 EET">
  <testcase classname="almosaferProject.almosaferTestCases" name="checkWebsiteLanguage" time="0.634"/>
  <testcase classname="almosaferProject.almosaferTestCases" name="checkWebsiteCurrency" time="0.085"/>
  <testcase classname="almosaferProject.almosaferTestCases" name="checkWebsiteContactNumber" time="0.099"/>
  <testcase classname="almosaferProject.almosaferTestCases" name="checkQitafLogoDisplay" time="0.081"/>
  <testcase classname="almosaferProject.almosaferTestCases" name="checkHotelsTapSelection" time="0.116"/>
  <testcase classname="almosaferProject.almosaferTestCases" name="checkDeapartureAndArrivalDate" time="2.015"/>
  <testcase classname="almosaferProject.almosaferTestCases" name="checkSearchHotelsProcess" time="45.257"/>
</testsuite> <!-- chromeTest -->
