<?xml version="1.0" encoding="UTF-8"?>
<!-- Generated by org.testng.reporters.JUnitXMLReporter -->
<testsuite ignored="0" hostname="DESKTOP-5G58M86" failures="0" tests="7" name="edgeTest" time="49.594" errors="0" timestamp="2023-12-26T01:03:44 EET">
  <testcase classname="almosaferProject.almosaferTestCases" name="checkWebsiteLanguage" time="0.064"/>
  <testcase classname="almosaferProject.almosaferTestCases" name="checkWebsiteCurrency" time="0.048"/>
  <testcase classname="almosaferProject.almosaferTestCases" name="checkWebsiteContactNumber" time="0.039"/>
  <testcase classname="almosaferProject.almosaferTestCases" name="checkQitafLogoDisplay" time="0.033"/>
  <testcase classname="almosaferProject.almosaferTestCases" name="checkHotelsTapSelection" time="0.142"/>
  <testcase classname="almosaferProject.almosaferTestCases" name="checkDeapartureAndArrivalDate" time="0.936"/>
  <testcase classname="almosaferProject.almosaferTestCases" name="checkSearchHotelsProcess" time="39.691"/>
</testsuite> <!-- edgeTest -->
