<?xml version="1.0" encoding="UTF-8"?>
<!-- Generated by org.testng.reporters.JUnitXMLReporter -->
<testsuite ignored="7" hostname="DESKTOP-5G58M86" failures="0" tests="2" name="Default test" time="6.814" errors="0" timestamp="2023-12-07T21:14:09 EET">
  <testcase classname="almosaferProject.almosaferTestCases" name="chooseFirstAutocompleteResult" time="1.334"/>
  <testcase classname="almosaferProject.almosaferTestCases" name="selectNumberOfRoomsAndSearch" time="2.537"/>
  <testcase classname="almosaferProject.almosaferTestCases" name="checkHotelSearchTap" time="0.0">
    <ignored/>
  </testcase> <!-- checkHotelSearchTap -->
  <testcase classname="almosaferProject.almosaferTestCases" name="checkQitafLogo" time="0.0">
    <ignored/>
  </testcase> <!-- checkQitafLogo -->
  <testcase classname="almosaferProject.almosaferTestCases" name="checkTheCurrency" time="0.0">
    <ignored/>
  </testcase> <!-- checkTheCurrency -->
  <testcase classname="almosaferProject.almosaferTestCases" name="checkTheLanguage" time="0.0">
    <ignored/>
  </testcase> <!-- checkTheLanguage -->
  <testcase classname="almosaferProject.almosaferTestCases" name="checkFlightsDeapartureAndArrivalDate" time="0.0">
    <ignored/>
  </testcase> <!-- checkFlightsDeapartureAndArrivalDate -->
  <testcase classname="almosaferProject.almosaferTestCases" name="checkChangingLanguage" time="0.0">
    <ignored/>
  </testcase> <!-- checkChangingLanguage -->
  <testcase classname="almosaferProject.almosaferTestCases" name="checkTheContactNumber" time="0.0">
    <ignored/>
  </testcase> <!-- checkTheContactNumber -->
</testsuite> <!-- Default test -->
