<?xml version="1.0" encoding="UTF-8"?>
<!-- Generated by org.testng.reporters.JUnitXMLReporter -->
<testsuite ignored="0" hostname="DESKTOP-5G58M86" failures="0" tests="7" name="Default test" time="24.606" errors="0" timestamp="2023-12-15T00:44:18 EET">
  <testcase classname="almosaferProject.almosaferTestCases" name="checkWebsiteLanguage" time="0.044"/>
  <testcase classname="almosaferProject.almosaferTestCases" name="checkWebsiteCurrency" time="0.025"/>
  <testcase classname="almosaferProject.almosaferTestCases" name="checkWebsiteContactNumber" time="0.036"/>
  <testcase classname="almosaferProject.almosaferTestCases" name="checkQitafLogoDisplay" time="0.1"/>
  <testcase classname="almosaferProject.almosaferTestCases" name="checkHotelsTapSelection" time="0.026"/>
  <testcase classname="almosaferProject.almosaferTestCases" name="checkDeapartureAndArrivalDate" time="0.199"/>
  <testcase classname="almosaferProject.almosaferTestCases" name="checkSearchHotelsProcess" time="20.967"/>
</testsuite> <!-- Default test -->
