<?xml version="1.0" encoding="UTF-8"?>
<testng-results ignored="7" total="9" passed="2" failed="0" skipped="0">
  <reporter-output>
  </reporter-output>
  <suite started-at="2023-12-07T21:14:02 EET" name="Default suite" finished-at="2023-12-07T21:14:09 EET" duration-ms="6814">
    <groups>
    </groups>
    <test started-at="2023-12-07T21:14:02 EET" name="Default test" finished-at="2023-12-07T21:14:09 EET" duration-ms="6814">
      <class name="almosaferProject.almosaferTestCases">
        <test-method is-config="true" signature="setUp()[pri:0, instance:almosaferProject.almosaferTestCases@263f04ca]" started-at="2023-12-07T21:14:02 EET" name="setUp" finished-at="2023-12-07T21:14:05 EET" duration-ms="2904" status="PASS">
          <reporter-output>
          </reporter-output>
        </test-method> <!-- setUp -->
        <test-method signature="chooseFirstAutocompleteResult()[pri:0, instance:almosaferProject.almosaferTestCases@263f04ca]" started-at="2023-12-07T21:14:05 EET" name="chooseFirstAutocompleteResult" finished-at="2023-12-07T21:14:06 EET" duration-ms="1334" status="PASS">
          <reporter-output>
          </reporter-output>
        </test-method> <!-- chooseFirstAutocompleteResult -->
        <test-method signature="selectNumberOfRoomsAndSearch()[pri:0, instance:almosaferProject.almosaferTestCases@263f04ca]" started-at="2023-12-07T21:14:06 EET" name="selectNumberOfRoomsAndSearch" finished-at="2023-12-07T21:14:09 EET" duration-ms="2537" status="PASS">
          <reporter-output>
          </reporter-output>
        </test-method> <!-- selectNumberOfRoomsAndSearch -->
        <test-method is-config="true" signature="postTesting()[pri:0, instance:almosaferProject.almosaferTestCases@263f04ca]" started-at="2023-12-07T21:14:09 EET" name="postTesting" finished-at="2023-12-07T21:14:09 EET" duration-ms="1" status="PASS">
          <reporter-output>
          </reporter-output>
        </test-method> <!-- postTesting -->
      </class> <!-- almosaferProject.almosaferTestCases -->
    </test> <!-- Default test -->
  </suite> <!-- Default suite -->
</testng-results>
